g:\bme\hazivs\hazivs\debug\vc142.pdb
g:\bme\hazivs\hazivs\debug\vc142.idb
g:\bme\hazivs\hazivs\debug\vonat.obj
g:\bme\hazivs\hazivs\debug\kocsi.obj
g:\bme\hazivs\hazivs\debug\jegyautomata.obj
g:\bme\hazivs\hazivs\debug\jarmu.obj
g:\bme\hazivs\hazivs\debug\jarat.obj
g:\bme\hazivs\hazivs\debug\helyjegy.obj
g:\bme\hazivs\hazivs\debug\datum.obj
g:\bme\hazivs\hazivs\debug\main.obj
g:\bme\hazivs\debug\hazivs.exe
g:\bme\hazivs\debug\hazivs.ilk
g:\bme\hazivs\debug\hazivs.pdb
g:\bme\hazivs\hazivs\debug\jarat.new.obj.enc
g:\bme\hazivs\hazivs\debug\jegyautomata.new.obj.enc
g:\bme\hazivs\hazivs\debug\main.new.obj.enc
g:\bme\hazivs\hazivs\debug\vonat.new.obj.enc
g:\bme\hazivs\hazivs\debug\hazivs.tlog\cl.command.1.tlog
g:\bme\hazivs\hazivs\debug\hazivs.tlog\cl.read.1.tlog
g:\bme\hazivs\hazivs\debug\hazivs.tlog\cl.write.1.tlog
g:\bme\hazivs\hazivs\debug\hazivs.tlog\link.command.1.tlog
g:\bme\hazivs\hazivs\debug\hazivs.tlog\link.read.1.tlog
g:\bme\hazivs\hazivs\debug\hazivs.tlog\link.write.1.tlog
